<?xml version="1.0" encoding="UTF-8"?>
<testsuite name="com.bridgelabz.StateCensusAnalyserTest" tests="1" skipped="1" failures="0" errors="0" timestamp="2019-12-02T08:02:05" hostname="admin1-desktop" time="29.905">
  <properties/>
  <testcase name="givenMethod_FoundInCorrectHeaderInFile_ThrowsException" classname="com.bridgelabz.StateCensusAnalyserTest" time="29.905">
    <skipped/>
  </testcase>
  <system-out><![CDATA[]]></system-out>
  <system-err><![CDATA[]]></system-err>
</testsuite>
