<?xml version="1.0" encoding="UTF-8"?>
<testsuite name="com.bridgelabz.StateCensusAnalyserTest" tests="7" skipped="0" failures="0" errors="0" timestamp="2019-12-09T04:18:18" hostname="admin1-desktop" time="0.959">
  <properties/>
  <testcase name="givenMethod_ForSortTheCSVFileAndWriteIntoJson" classname="com.bridgelabz.StateCensusAnalyserTest" time="0.371"/>
  <testcase name="givenMethod_checkNumberOfRecordsMatchesOrNot" classname="com.bridgelabz.StateCensusAnalyserTest" time="0.12"/>
  <testcase name="givenMethod_IfFoundInCorrectFileType_ThrowsException" classname="com.bridgelabz.StateCensusAnalyserTest" time="0.002"/>
  <testcase name="givenMethod_FoundInCorrectDelimeterInFile_ThrowsException" classname="com.bridgelabz.StateCensusAnalyserTest" time="0.052"/>
  <testcase name="gevenMethod_ForSortTheCSVDataAndWriteIntoJson" classname="com.bridgelabz.StateCensusAnalyserTest" time="0.409"/>
  <testcase name="givenMethod_FoundInCorrectHeaderInFile_ThrowsException" classname="com.bridgelabz.StateCensusAnalyserTest" time="0.001"/>
  <testcase name="givenMethod_FoundInCorrectFileName_ThrowsException" classname="com.bridgelabz.StateCensusAnalyserTest" time="0.0"/>
  <system-out><![CDATA[]]></system-out>
  <system-err><![CDATA[]]></system-err>
</testsuite>
