<?xml version="1.0" encoding="UTF-8"?>
<testsuite name="com.bridgelabz.StateCensusAnalyserTest" tests="6" skipped="0" failures="0" errors="0" timestamp="2019-12-05T04:45:13" hostname="admin1-desktop" time="0.312">
  <properties/>
  <testcase name="givenMethod_checkNumberOfRecordsMatchesOrNot" classname="com.bridgelabz.StateCensusAnalyserTest" time="0.194"/>
  <testcase name="givenMethod_ForSortTheCSVAndWriteIntoJson" classname="com.bridgelabz.StateCensusAnalyserTest" time="0.058"/>
  <testcase name="givenMethod_IfFoundInCorrectFileType_ThrowsException" classname="com.bridgelabz.StateCensusAnalyserTest" time="0.004"/>
  <testcase name="givenMethod_FoundInCorrectDelimeterInFile_ThrowsException" classname="com.bridgelabz.StateCensusAnalyserTest" time="0.044"/>
  <testcase name="givenMethod_FoundInCorrectHeaderInFile_ThrowsException" classname="com.bridgelabz.StateCensusAnalyserTest" time="0.008"/>
  <testcase name="givenMethod_FoundInCorrectFileName_ThrowsException" classname="com.bridgelabz.StateCensusAnalyserTest" time="0.0"/>
  <system-out><![CDATA[NO_SUCH_FILE
Runtime Error
Runtime Error
NO_SUCH_FILE
]]></system-out>
  <system-err><![CDATA[]]></system-err>
</testsuite>
