<?xml version="1.0" encoding="UTF-8"?>
<testsuite name="com.bridgelabz.StateCensusAnalyserTest" tests="1" skipped="0" failures="0" errors="0" timestamp="2019-12-04T04:28:42" hostname="admin1-desktop" time="0.155">
  <properties/>
  <testcase name="givenMethod_ForSortTheCSVAndWriteIntoJson" classname="com.bridgelabz.StateCensusAnalyserTest" time="0.155"/>
  <system-out><![CDATA[[com.bridgelabz.StateCensusCSV@49949b5a, com.bridgelabz.StateCensusCSV@3b893ef2, com.bridgelabz.StateCensusCSV@65182319, com.bridgelabz.StateCensusCSV@7d8a2675, com.bridgelabz.StateCensusCSV@10292cd5, com.bridgelabz.StateCensusCSV@62a5ee8c, com.bridgelabz.StateCensusCSV@4681092a, com.bridgelabz.StateCensusCSV@6a143601, com.bridgelabz.StateCensusCSV@3382f012, com.bridgelabz.StateCensusCSV@7e1eb960, com.bridgelabz.StateCensusCSV@309837d0, com.bridgelabz.StateCensusCSV@7bf7bbfc, com.bridgelabz.StateCensusCSV@5f51d6f0, com.bridgelabz.StateCensusCSV@548fa1c3, com.bridgelabz.StateCensusCSV@25d82a35, com.bridgelabz.StateCensusCSV@63364d29, com.bridgelabz.StateCensusCSV@3281f1e9, com.bridgelabz.StateCensusCSV@1ba9cfc3, com.bridgelabz.StateCensusCSV@7f44d701, com.bridgelabz.StateCensusCSV@2eca92c5, com.bridgelabz.StateCensusCSV@13f9204c, com.bridgelabz.StateCensusCSV@46fb2227, com.bridgelabz.StateCensusCSV@1fde1926, com.bridgelabz.StateCensusCSV@65f8fca2, com.bridgelabz.StateCensusCSV@3fd94b11, com.bridgelabz.StateCensusCSV@202cacd7, com.bridgelabz.StateCensusCSV@4fd486dd, com.bridgelabz.StateCensusCSV@6d6b7e69, com.bridgelabz.StateCensusCSV@189f2116]
]]></system-out>
  <system-err><![CDATA[]]></system-err>
</testsuite>
